<?xml version="1.0" encoding="UTF-8"?>
<testsuite name="com.example.test.TestApplicationTests" tests="1" skipped="0" failures="0" errors="0" timestamp="2024-04-15T01:37:12" hostname="DESKTOP-LL832F4" time="0.467">
  <properties/>
  <testcase name="contextLoads()" classname="com.example.test.TestApplicationTests" time="0.467"/>
  <system-out><![CDATA[10:37:11.519 [Test worker] INFO org.springframework.test.context.support.AnnotationConfigContextLoaderUtils -- Could not detect default configuration classes for test class [com.example.test.TestApplicationTests]: TestApplicationTests does not declare any static, non-private, non-final, nested classes annotated with @Configuration.
10:37:11.579 [Test worker] INFO org.springframework.boot.test.context.SpringBootTestContextBootstrapper -- Found @SpringBootConfiguration com.example.test.TestApplication for test class com.example.test.TestApplicationTests

  .   ____          _            __ _ _
 /\\ / ___'_ __ _ _(_)_ __  __ _ \ \ \ \
( ( )\___ | '_ | '_| | '_ \/ _` | \ \ \ \
 \\/  ___)| |_)| | | | | || (_| |  ) ) ) )
  '  |____| .__|_| |_|_| |_\__, | / / / /
 =========|_|==============|___/=/_/_/_/
 :: Spring Boot ::                (v3.2.4)

2024-04-15T10:37:11.840+09:00  INFO 14144 --- [test-service] [    Test worker] com.example.test.TestApplicationTests    : Starting TestApplicationTests using Java 17.0.10 with PID 14144 (started by SSAFY in C:\Users\SSAFY\Desktop\infra\circuit-breaker\test)
2024-04-15T10:37:11.841+09:00  INFO 14144 --- [test-service] [    Test worker] com.example.test.TestApplicationTests    : No active profile set, falling back to 1 default profile: "default"
2024-04-15T10:37:12.534+09:00  INFO 14144 --- [test-service] [    Test worker] com.example.test.TestApplicationTests    : Started TestApplicationTests in 0.846 seconds (process running for 1.558)
]]></system-out>
  <system-err><![CDATA[]]></system-err>
</testsuite>
